{
  "stats": {
    "suites": 1,
    "tests": 2,
    "passes": 1,
    "pending": 1,
    "failures": 0,
    "start": "2020-10-16T08:47:37.963Z",
    "end": "2020-10-16T08:47:43.003Z",
    "duration": 5040,
    "testsRegistered": 2,
    "passPercent": 100,
    "pendingPercent": 50,
    "other": 0,
    "hasOther": false,
    "skipped": 0,
    "hasSkipped": false
  },
  "results": [
    {
      "uuid": "ce94f5a1-d4b6-43e7-9f66-753d6a5a8932",
      "title": "",
      "fullFile": "cypress\\integration\\QAM\\TC06_alias.spec.js",
      "file": "cypress\\integration\\QAM\\TC06_alias.spec.js",
      "beforeHooks": [],
      "afterHooks": [],
      "tests": [],
      "suites": [
        {
          "uuid": "c85a6d56-ab7f-4c1e-a12c-72bdee8c49ee",
          "title": "Create and mark-unmark as favorite",
          "fullFile": "",
          "file": "",
          "beforeHooks": [],
          "afterHooks": [],
          "tests": [
            {
              "title": "Create a new post",
              "fullTitle": "Create and mark-unmark as favorite Create a new post",
              "timedOut": null,
              "duration": 4983,
              "state": "passed",
              "speed": "slow",
              "pass": true,
              "fail": false,
              "pending": false,
              "context": null,
              "code": "cy.get('ul.navbar-nav').children().as('menu');\ncy.get('@menu').contains('New Post').click();\ncy.hash().should('include', '#/editor');\ncy.get('form').within(function ($form) {\n  cy.get('input').first().type('Test');\n  cy.get('input').eq(1).type('Test 1');\n  cy.get('textarea').type('Test 2');\n  cy.contains('Publish Article').click();\n});\ncy.url().should('include', 'article');",
              "err": {},
              "uuid": "d07fa2d1-ca37-48b3-ab0d-8ed6e726dfe1",
              "parentUUID": "c85a6d56-ab7f-4c1e-a12c-72bdee8c49ee",
              "isHook": false,
              "skipped": false
            },
            {
              "title": "Mark-unmark as favorite",
              "fullTitle": "Create and mark-unmark as favorite Mark-unmark as favorite",
              "timedOut": null,
              "duration": 0,
              "state": "pending",
              "speed": null,
              "pass": false,
              "fail": false,
              "pending": true,
              "context": null,
              "code": "",
              "err": {},
              "uuid": "14a17da8-1eae-435e-bb00-5143138d6c10",
              "parentUUID": "c85a6d56-ab7f-4c1e-a12c-72bdee8c49ee",
              "isHook": false,
              "skipped": false
            }
          ],
          "suites": [],
          "passes": [
            "d07fa2d1-ca37-48b3-ab0d-8ed6e726dfe1"
          ],
          "failures": [],
          "pending": [
            "14a17da8-1eae-435e-bb00-5143138d6c10"
          ],
          "skipped": [],
          "duration": 4983,
          "root": false,
          "rootEmpty": false,
          "_timeout": 2000
        }
      ],
      "passes": [],
      "failures": [],
      "pending": [],
      "skipped": [],
      "duration": 0,
      "root": true,
      "rootEmpty": true,
      "_timeout": 2000
    }
  ],
  "meta": {
    "mocha": {
      "version": "7.0.1"
    },
    "mochawesome": {
      "options": {
        "quiet": false,
        "reportFilename": "mochawesome",
        "saveHtml": false,
        "saveJson": true,
        "consoleReporter": "spec",
        "useInlineDiffs": false,
        "code": true
      },
      "version": "6.1.1"
    },
    "marge": {
      "options": {
        "id": "default",
        "reportDir": "cypress/reports/mocha",
        "quite": true,
        "overwrite": false,
        "html": false,
        "json": true
      },
      "version": "5.1.0"
    }
  }
}