{
  "stats": {
    "suites": 1,
    "tests": 3,
    "passes": 2,
    "pending": 1,
    "failures": 0,
    "start": "2020-10-16T08:47:10.884Z",
    "end": "2020-10-16T08:47:14.647Z",
    "duration": 3763,
    "testsRegistered": 3,
    "passPercent": 100,
    "pendingPercent": 33.33333333333333,
    "other": 0,
    "hasOther": false,
    "skipped": 0,
    "hasSkipped": false
  },
  "results": [
    {
      "uuid": "bfeb10c9-793a-498d-9ab1-6997bf330508",
      "title": "",
      "fullFile": "cypress\\integration\\QAM\\TC03_identify.spec.js",
      "file": "cypress\\integration\\QAM\\TC03_identify.spec.js",
      "beforeHooks": [],
      "afterHooks": [],
      "tests": [],
      "suites": [
        {
          "uuid": "cfb06a0d-cddc-41cb-80a5-0cf751bc7640",
          "title": "Create and mark-unmark as favorite",
          "fullFile": "",
          "file": "",
          "beforeHooks": [],
          "afterHooks": [],
          "tests": [
            {
              "title": "Sign in",
              "fullTitle": "Create and mark-unmark as favorite Sign in",
              "timedOut": null,
              "duration": 2567,
              "state": "passed",
              "speed": "slow",
              "pass": true,
              "fail": false,
              "pending": false,
              "context": null,
              "code": "cy.visit('http://react-redux.realworld.io/#/login');\ncy.title().should('eq', 'Conduit');\ncy.location('protocol').should('eq', 'http:');\ncy.get('form').within(function ($form) {\n  cy.get('input[type=\"email\"]').type('bdcuong91@gmail.com');\n  cy.get('input[type=\"password\"]').type('Cuongduc91');\n  cy.root().submit();\n}); // cy.get('input[type=\"email\"]').type('bdcuong91@gmail.com');\n// cy.get('input[type=\"password\"]').type('Cuongduc91');\n// cy.get('.btn').contains('Sign in').should('be.visible').click();\ncy.contains('Your Feed', {\n  timeout: 6000\n}).should('be.visible');",
              "err": {},
              "uuid": "38091aea-02eb-40f9-ac3d-c48d66757b81",
              "parentUUID": "cfb06a0d-cddc-41cb-80a5-0cf751bc7640",
              "isHook": false,
              "skipped": false
            },
            {
              "title": "Create a new post",
              "fullTitle": "Create and mark-unmark as favorite Create a new post",
              "timedOut": null,
              "duration": 1150,
              "state": "passed",
              "speed": "slow",
              "pass": true,
              "fail": false,
              "pending": false,
              "context": null,
              "code": "// cy.get('.nav-link').contains('New Post').click();\ncy.get('ul.navbar-nav').children().contains('New Post').click();\ncy.hash().should('include', '#/editor');\ncy.get('form').within(function ($form) {\n  // cy.get('input[placeholder=\"Article Title\"]').type('Test');\n  cy.get('input').first().type('Test');\n  cy.get('input').eq(1).type('Test 1');\n  cy.get('textarea').type('Test 2');\n  cy.contains('Publish Article').click();\n});\ncy.url().should('include', 'article');",
              "err": {},
              "uuid": "9c3a681e-bf1a-4003-8e66-9fb9ed6e4525",
              "parentUUID": "cfb06a0d-cddc-41cb-80a5-0cf751bc7640",
              "isHook": false,
              "skipped": false
            },
            {
              "title": "Mark-unmark as favorite",
              "fullTitle": "Create and mark-unmark as favorite Mark-unmark as favorite",
              "timedOut": null,
              "duration": 0,
              "state": "pending",
              "speed": null,
              "pass": false,
              "fail": false,
              "pending": true,
              "context": null,
              "code": "",
              "err": {},
              "uuid": "cb1e79fd-ff7c-4887-a0f0-9da926628f61",
              "parentUUID": "cfb06a0d-cddc-41cb-80a5-0cf751bc7640",
              "isHook": false,
              "skipped": false
            }
          ],
          "suites": [],
          "passes": [
            "38091aea-02eb-40f9-ac3d-c48d66757b81",
            "9c3a681e-bf1a-4003-8e66-9fb9ed6e4525"
          ],
          "failures": [],
          "pending": [
            "cb1e79fd-ff7c-4887-a0f0-9da926628f61"
          ],
          "skipped": [],
          "duration": 3717,
          "root": false,
          "rootEmpty": false,
          "_timeout": 2000
        }
      ],
      "passes": [],
      "failures": [],
      "pending": [],
      "skipped": [],
      "duration": 0,
      "root": true,
      "rootEmpty": true,
      "_timeout": 2000
    }
  ],
  "meta": {
    "mocha": {
      "version": "7.0.1"
    },
    "mochawesome": {
      "options": {
        "quiet": false,
        "reportFilename": "mochawesome",
        "saveHtml": false,
        "saveJson": true,
        "consoleReporter": "spec",
        "useInlineDiffs": false,
        "code": true
      },
      "version": "6.1.1"
    },
    "marge": {
      "options": {
        "id": "default",
        "reportDir": "cypress/reports/mocha",
        "quite": true,
        "overwrite": false,
        "html": false,
        "json": true
      },
      "version": "5.1.0"
    }
  }
}